********************************************************************************
DUPLICATOR-LITE PACKAGE-LOG: 11 May 2020 5:48 pm
NOTICE: Do NOT post to public sites or forums 
********************************************************************************
VERSION:	1.3.32
WORDPRESS:	5.4.1
PHP INFO:	7.4.5 | SAPI: apache2handler
SERVER:		Apache/2.4.43 (Win64) OpenSSL/1.1.1g PHP/7.4.5 
PHP TIME LIMIT: (0) no time limit imposed 
PHP MAX MEMORY: 4294967296 (512M default) 
MEMORY STACK: 8MB

********************************************************************************
DATABASE:
********************************************************************************
BUILD MODE:   MYSQLDUMP
MYSQLTIMEOUT: 5000
MYSQLDUMP:    Is Supported
SQL CREATED: 20200511_sulthonadammulana_e5e28ca05db893db5861_20200511174826_database.sql
SQL FILE SIZE: 1.39MB (1455414)
SQL FILE TIME: 2020-05-11 17:48:56
SQL RUNTIME: 6.60 sec.

********************************************************************************
ARCHIVE (ZIP):
********************************************************************************
ARCHIVE DIR:  C:/xampp/htdocs/wordpress
ARCHIVE FILE: 20200511_sulthonadammulana_e5e28ca05db893db5861_20200511174826_archive.zip
FILTERS: *OFF*
DIRS:
	not set
FILES:
	not set
EXTS:  not set
----------------------------------------
COMPRESSING
SIZE:	110.73MB
STATS:	Dirs 604 | Files 3,805
SQL ADDED: 20200511_sulthonadammulana_e5e28ca05db893db5861_20200511174826_database.sql
ZipArchive Object
(
    [status] => 0
    [statusSys] => 0
    [numFiles] => 4409
    [filename] => C:\xampp\htdocs\wordpress\wp-snapshots\tmp\20200511_sulthonadammulana_e5e28ca05db893db5861_20200511174826_archive.zip
    [comment] => 
)

FILE ADDED TO ZIP: 4408
COMPRESSION RESULT: '1'
COMPRESSED SIZE: 55.01MB
ARCHIVE RUNTIME: 152.32 sec.
MEMORY STACK: 8MB
building installer
add_extra_files1
add_extra_files2
add_extra_files3
add_extra_files4
Doing archive file check
add_extra_files5
add_extra_files6
add_extra_files8
Successfully opened zip C:/xampp/htdocs/wordpress/wp-snapshots/tmp/20200511_sulthonadammulana_e5e28ca05db893db5861_20200511174826_archive.zip
Adding enhanced installer files to archive using ZipArchive
Installer files added to archive
Added to archive
After ziparchive close when adding installer

********************************************************************************
INTEGRITY CHECKS:
********************************************************************************
SQL FILE: 1.39MB
INSTALLER FILE: 61.32KB
ARCHIVE FILE: 56.49MB 
EXPECTED FILE/DIRECTORY COUNT: 4,409
ACTUAL FILE/DIRECTORY COUNT: 4,408
ARCHIVE CONSISTENCY TEST: Pass

********************************************************************************
RECORD ID:[1]
TOTAL PROCESS RUNTIME: 172.68 sec.
PEAK PHP MEMORY USED: 10MB
DONE PROCESSING => 20200511_sulthonadammulana 11 May 2020 5:51 pm

